::1 - - [14/Jan/2025:10:21:48 +0000] "POST /users/register HTTP/1.1" 400 86 "-" "PostmanRuntime/7.43.0"
::1 - - [14/Jan/2025:10:22:11 +0000] "POST /users/register HTTP/1.1" 201 164 "-" "PostmanRuntime/7.43.0"
::1 - - [14/Jan/2025:10:23:06 +0000] "POST /users/login HTTP/1.1" 200 152 "-" "PostmanRuntime/7.43.0"
::1 - - [14/Jan/2025:10:23:13 +0000] "DELETE /users/1 HTTP/1.1" 400 104 "-" "PostmanRuntime/7.43.0"
::1 - - [14/Jan/2025:10:23:27 +0000] "PUT /users/1 HTTP/1.1" 400 104 "-" "PostmanRuntime/7.43.0"
::1 - - [14/Jan/2025:10:24:18 +0000] "POST /users/register HTTP/1.1" 201 172 "-" "PostmanRuntime/7.43.0"
::1 - - [14/Jan/2025:10:26:09 +0000] "POST /users/login HTTP/1.1" 200 160 "-" "PostmanRuntime/7.43.0"
::1 - - [14/Jan/2025:10:26:23 +0000] "DELETE /users/1 HTTP/1.1" 400 104 "-" "PostmanRuntime/7.43.0"
::1 - - [14/Jan/2025:10:26:24 +0000] "DELETE /users/1 HTTP/1.1" 400 104 "-" "PostmanRuntime/7.43.0"
::1 - - [14/Jan/2025:10:26:53 +0000] "DELETE /users/1 HTTP/1.1" 400 104 "-" "PostmanRuntime/7.43.0"
::1 - - [14/Jan/2025:10:27:04 +0000] "DELETE /users/1 HTTP/1.1" 400 104 "-" "PostmanRuntime/7.43.0"
::1 - - [14/Jan/2025:10:27:17 +0000] "PUT /users/1 HTTP/1.1" 400 104 "-" "PostmanRuntime/7.43.0"
::1 - - [14/Jan/2025:10:27:20 +0000] "PUT /users/1 HTTP/1.1" 400 104 "-" "PostmanRuntime/7.43.0"
::1 - - [14/Jan/2025:10:27:34 +0000] "POST /articles HTTP/1.1" 201 212 "-" "PostmanRuntime/7.43.0"
::1 - - [14/Jan/2025:10:27:42 +0000] "GET /articles HTTP/1.1" 200 206 "-" "PostmanRuntime/7.43.0"
::1 - - [14/Jan/2025:10:27:56 +0000] "PUT /articles/1 HTTP/1.1" 400 107 "-" "PostmanRuntime/7.43.0"
::1 - - [14/Jan/2025:10:28:53 +0000] "POST /users/register HTTP/1.1" 500 82 "-" "PostmanRuntime/7.43.0"
::1 - - [14/Jan/2025:10:29:45 +0000] "POST /users/register HTTP/1.1" 201 172 "-" "PostmanRuntime/7.43.0"
::1 - - [14/Jan/2025:10:29:55 +0000] "POST /users/login HTTP/1.1" 200 160 "-" "PostmanRuntime/7.43.0"
::1 - - [14/Jan/2025:10:30:10 +0000] "DELETE /users/1 HTTP/1.1" 400 104 "-" "PostmanRuntime/7.43.0"
::1 - - [14/Jan/2025:10:30:16 +0000] "DELETE /users/1 HTTP/1.1" 400 104 "-" "PostmanRuntime/7.43.0"
::1 - - [14/Jan/2025:10:30:19 +0000] "DELETE /users/67863c9992011e7feb501c68 HTTP/1.1" 200 39 "-" "PostmanRuntime/7.43.0"
::1 - - [14/Jan/2025:10:30:26 +0000] "POST /users/register HTTP/1.1" 201 172 "-" "PostmanRuntime/7.43.0"
::1 - - [14/Jan/2025:10:30:34 +0000] "PUT /users/1 HTTP/1.1" 400 104 "-" "PostmanRuntime/7.43.0"
::1 - - [14/Jan/2025:10:30:39 +0000] "PUT /users/67863c9992011e7feb501c68 HTTP/1.1" 500 91 "-" "PostmanRuntime/7.43.0"
::1 - - [14/Jan/2025:10:30:48 +0000] "PUT /users/67863cc292011e7feb501c6d HTTP/1.1" 200 173 "-" "PostmanRuntime/7.43.0"
::1 - - [14/Jan/2025:10:30:56 +0000] "GET /users HTTP/1.1" 200 167 "-" "PostmanRuntime/7.43.0"
::1 - - [14/Jan/2025:10:31:04 +0000] "GET /users/67863cc292011e7feb501c6d HTTP/1.1" 200 175 "-" "PostmanRuntime/7.43.0"
::1 - - [14/Jan/2025:10:31:15 +0000] "POST /articles HTTP/1.1" 201 212 "-" "PostmanRuntime/7.43.0"
::1 - - [14/Jan/2025:10:41:27 +0000] "POST /articles HTTP/1.1" 500 101 "-" "PostmanRuntime/7.43.0"
::1 - - [14/Jan/2025:10:42:06 +0000] "POST /articles HTTP/1.1" 201 212 "-" "PostmanRuntime/7.43.0"
::1 - - [14/Jan/2025:10:42:11 +0000] "GET /articles HTTP/1.1" 200 206 "-" "PostmanRuntime/7.43.0"
::1 - - [14/Jan/2025:10:42:15 +0000] "POST /articles HTTP/1.1" 201 212 "-" "PostmanRuntime/7.43.0"
::1 - - [14/Jan/2025:10:42:19 +0000] "GET /articles HTTP/1.1" 200 369 "-" "PostmanRuntime/7.43.0"
::1 - - [14/Jan/2025:10:42:29 +0000] "GET /articles/67863f7e633290f99aa85d46 HTTP/1.1" 200 214 "-" "PostmanRuntime/7.43.0"
::1 - - [14/Jan/2025:10:42:36 +0000] "PUT /articles/67863f7e633290f99aa85d46 HTTP/1.1" 200 228 "-" "PostmanRuntime/7.43.0"
::1 - - [14/Jan/2025:10:42:48 +0000] "DELETE /articles/67863f87633290f99aa85d49 HTTP/1.1" 200 42 "-" "PostmanRuntime/7.43.0"
::1 - - [14/Jan/2025:10:51:03 +0000] "PUT /users/67863cc292011e7feb501c6d HTTP/1.1" 200 173 "-" "PostmanRuntime/7.43.0"
